c:\pin\source\tools\whatlicense-main\wl-lic\obj\vc142.pdb
c:\pin\source\tools\whatlicense-main\wl-lic\obj\wl.obj
c:\pin\source\tools\whatlicense-main\wl-lic\obj\utils.obj
c:\pin\source\tools\whatlicense-main\wl-lic\obj\rsa_key.obj
c:\pin\source\tools\whatlicense-main\wl-lic\obj\rsa.obj
c:\pin\source\tools\whatlicense-main\wl-lic\obj\main.obj
c:\pin\source\tools\whatlicense-main\wl-lic\obj\lictypes.obj
c:\pin\source\tools\whatlicense-main\wl-lic\obj\hwid.obj
c:\pin\source\tools\whatlicense-main\wl-lic\obj\crypt.obj
c:\pin\source\tools\whatlicense-main\wl-lic\obj\mp_div_2d.obj
c:\pin\source\tools\whatlicense-main\wl-lic\obj\mp_div_2.obj
c:\pin\source\tools\whatlicense-main\wl-lic\obj\mp_div.obj
c:\pin\source\tools\whatlicense-main\wl-lic\obj\mp_cutoffs.obj
c:\pin\source\tools\whatlicense-main\wl-lic\obj\mp_count_bits.obj
c:\pin\source\tools\whatlicense-main\wl-lic\obj\mp_copy.obj
c:\pin\source\tools\whatlicense-main\wl-lic\obj\mp_complement.obj
c:\pin\source\tools\whatlicense-main\wl-lic\obj\mp_cnt_lsb.obj
c:\pin\source\tools\whatlicense-main\wl-lic\obj\mp_cmp_mag.obj
c:\pin\source\tools\whatlicense-main\wl-lic\obj\mp_cmp_d.obj
c:\pin\source\tools\whatlicense-main\wl-lic\obj\mp_cmp.obj
c:\pin\source\tools\whatlicense-main\wl-lic\obj\mp_clear_multi.obj
c:\pin\source\tools\whatlicense-main\wl-lic\obj\mp_clear.obj
c:\pin\source\tools\whatlicense-main\wl-lic\obj\mp_clamp.obj
c:\pin\source\tools\whatlicense-main\wl-lic\obj\mp_and.obj
c:\pin\source\tools\whatlicense-main\wl-lic\obj\mp_add_d.obj
c:\pin\source\tools\whatlicense-main\wl-lic\obj\mp_addmod.obj
c:\pin\source\tools\whatlicense-main\wl-lic\obj\mp_add.obj
c:\pin\source\tools\whatlicense-main\wl-lic\obj\mp_abs.obj
c:\pin\source\tools\whatlicense-main\wl-lic\obj\mp_2expt.obj
c:\pin\source\tools\whatlicense-main\wl-lic\obj\mp_get_mag_u64.obj
c:\pin\source\tools\whatlicense-main\wl-lic\obj\mp_get_mag_u32.obj
c:\pin\source\tools\whatlicense-main\wl-lic\obj\mp_get_l.obj
c:\pin\source\tools\whatlicense-main\wl-lic\obj\mp_get_i64.obj
c:\pin\source\tools\whatlicense-main\wl-lic\obj\mp_get_i32.obj
c:\pin\source\tools\whatlicense-main\wl-lic\obj\mp_get_double.obj
c:\pin\source\tools\whatlicense-main\wl-lic\obj\mp_gcd.obj
c:\pin\source\tools\whatlicense-main\wl-lic\obj\mp_fwrite.obj
c:\pin\source\tools\whatlicense-main\wl-lic\obj\mp_from_ubin.obj
c:\pin\source\tools\whatlicense-main\wl-lic\obj\mp_from_sbin.obj
c:\pin\source\tools\whatlicense-main\wl-lic\obj\mp_fread.obj
c:\pin\source\tools\whatlicense-main\wl-lic\obj\mp_exteuclid.obj
c:\pin\source\tools\whatlicense-main\wl-lic\obj\mp_expt_n.obj
c:\pin\source\tools\whatlicense-main\wl-lic\obj\mp_exptmod.obj
c:\pin\source\tools\whatlicense-main\wl-lic\obj\mp_exch.obj
c:\pin\source\tools\whatlicense-main\wl-lic\obj\mp_error_to_string.obj
c:\pin\source\tools\whatlicense-main\wl-lic\obj\mp_dr_setup.obj
c:\pin\source\tools\whatlicense-main\wl-lic\obj\mp_dr_reduce.obj
c:\pin\source\tools\whatlicense-main\wl-lic\obj\mp_dr_is_modulus.obj
c:\pin\source\tools\whatlicense-main\wl-lic\obj\mp_div_d.obj
c:\pin\source\tools\whatlicense-main\wl-lic\obj\mp_lshd.obj
c:\pin\source\tools\whatlicense-main\wl-lic\obj\mp_log_n.obj
c:\pin\source\tools\whatlicense-main\wl-lic\obj\mp_lcm.obj
c:\pin\source\tools\whatlicense-main\wl-lic\obj\mp_kronecker.obj
c:\pin\source\tools\whatlicense-main\wl-lic\obj\mp_is_square.obj
c:\pin\source\tools\whatlicense-main\wl-lic\obj\mp_invmod.obj
c:\pin\source\tools\whatlicense-main\wl-lic\obj\mp_init_ul.obj
c:\pin\source\tools\whatlicense-main\wl-lic\obj\mp_init_u64.obj
c:\pin\source\tools\whatlicense-main\wl-lic\obj\mp_init_u32.obj
c:\pin\source\tools\whatlicense-main\wl-lic\obj\mp_init_size.obj
c:\pin\source\tools\whatlicense-main\wl-lic\obj\mp_init_set.obj
c:\pin\source\tools\whatlicense-main\wl-lic\obj\mp_init_multi.obj
c:\pin\source\tools\whatlicense-main\wl-lic\obj\mp_init_l.obj
c:\pin\source\tools\whatlicense-main\wl-lic\obj\mp_init_i64.obj
c:\pin\source\tools\whatlicense-main\wl-lic\obj\mp_init_i32.obj
c:\pin\source\tools\whatlicense-main\wl-lic\obj\mp_init_copy.obj
c:\pin\source\tools\whatlicense-main\wl-lic\obj\mp_init.obj
c:\pin\source\tools\whatlicense-main\wl-lic\obj\mp_hash.obj
c:\pin\source\tools\whatlicense-main\wl-lic\obj\mp_grow.obj
c:\pin\source\tools\whatlicense-main\wl-lic\obj\mp_get_mag_ul.obj
c:\pin\source\tools\whatlicense-main\wl-lic\obj\mp_prime_rabin_miller_trials.obj
c:\pin\source\tools\whatlicense-main\wl-lic\obj\mp_prime_next_prime.obj
c:\pin\source\tools\whatlicense-main\wl-lic\obj\mp_prime_miller_rabin.obj
c:\pin\source\tools\whatlicense-main\wl-lic\obj\mp_prime_is_prime.obj
c:\pin\source\tools\whatlicense-main\wl-lic\obj\mp_prime_frobenius_underwood.obj
c:\pin\source\tools\whatlicense-main\wl-lic\obj\mp_prime_fermat.obj
c:\pin\source\tools\whatlicense-main\wl-lic\obj\mp_pack_count.obj
c:\pin\source\tools\whatlicense-main\wl-lic\obj\mp_pack.obj
c:\pin\source\tools\whatlicense-main\wl-lic\obj\mp_or.obj
c:\pin\source\tools\whatlicense-main\wl-lic\obj\mp_neg.obj
c:\pin\source\tools\whatlicense-main\wl-lic\obj\mp_mul_d.obj
c:\pin\source\tools\whatlicense-main\wl-lic\obj\mp_mul_2d.obj
c:\pin\source\tools\whatlicense-main\wl-lic\obj\mp_mul_2.obj
c:\pin\source\tools\whatlicense-main\wl-lic\obj\mp_mulmod.obj
c:\pin\source\tools\whatlicense-main\wl-lic\obj\mp_mul.obj
c:\pin\source\tools\whatlicense-main\wl-lic\obj\mp_montgomery_setup.obj
c:\pin\source\tools\whatlicense-main\wl-lic\obj\mp_montgomery_reduce.obj
c:\pin\source\tools\whatlicense-main\wl-lic\obj\mp_montgomery_calc_normalization.obj
c:\pin\source\tools\whatlicense-main\wl-lic\obj\mp_mod_2d.obj
c:\pin\source\tools\whatlicense-main\wl-lic\obj\mp_mod.obj
c:\pin\source\tools\whatlicense-main\wl-lic\obj\mp_set_double.obj
c:\pin\source\tools\whatlicense-main\wl-lic\obj\mp_set.obj
c:\pin\source\tools\whatlicense-main\wl-lic\obj\mp_sbin_size.obj
c:\pin\source\tools\whatlicense-main\wl-lic\obj\mp_rshd.obj
c:\pin\source\tools\whatlicense-main\wl-lic\obj\mp_root_n.obj
c:\pin\source\tools\whatlicense-main\wl-lic\obj\mp_reduce_setup.obj
c:\pin\source\tools\whatlicense-main\wl-lic\obj\mp_reduce_is_2k_l.obj
c:\pin\source\tools\whatlicense-main\wl-lic\obj\mp_reduce_is_2k.obj
c:\pin\source\tools\whatlicense-main\wl-lic\obj\mp_reduce_2k_setup_l.obj
c:\pin\source\tools\whatlicense-main\wl-lic\obj\mp_reduce_2k_setup.obj
c:\pin\source\tools\whatlicense-main\wl-lic\obj\mp_reduce_2k_l.obj
c:\pin\source\tools\whatlicense-main\wl-lic\obj\mp_reduce_2k.obj
c:\pin\source\tools\whatlicense-main\wl-lic\obj\mp_reduce.obj
c:\pin\source\tools\whatlicense-main\wl-lic\obj\mp_read_radix.obj
c:\pin\source\tools\whatlicense-main\wl-lic\obj\mp_rand_source.obj
c:\pin\source\tools\whatlicense-main\wl-lic\obj\mp_rand.obj
c:\pin\source\tools\whatlicense-main\wl-lic\obj\mp_radix_size_overestimate.obj
c:\pin\source\tools\whatlicense-main\wl-lic\obj\mp_radix_size.obj
c:\pin\source\tools\whatlicense-main\wl-lic\obj\mp_prime_strong_lucas_selfridge.obj
c:\pin\source\tools\whatlicense-main\wl-lic\obj\mp_prime_rand.obj
c:\pin\source\tools\whatlicense-main\wl-lic\obj\mp_xor.obj
c:\pin\source\tools\whatlicense-main\wl-lic\obj\mp_unpack.obj
c:\pin\source\tools\whatlicense-main\wl-lic\obj\mp_ubin_size.obj
c:\pin\source\tools\whatlicense-main\wl-lic\obj\mp_to_ubin.obj
c:\pin\source\tools\whatlicense-main\wl-lic\obj\mp_to_sbin.obj
c:\pin\source\tools\whatlicense-main\wl-lic\obj\mp_to_radix.obj
c:\pin\source\tools\whatlicense-main\wl-lic\obj\mp_sub_d.obj
c:\pin\source\tools\whatlicense-main\wl-lic\obj\mp_submod.obj
c:\pin\source\tools\whatlicense-main\wl-lic\obj\mp_sub.obj
c:\pin\source\tools\whatlicense-main\wl-lic\obj\mp_sqrtmod_prime.obj
c:\pin\source\tools\whatlicense-main\wl-lic\obj\mp_sqrt.obj
c:\pin\source\tools\whatlicense-main\wl-lic\obj\mp_sqrmod.obj
c:\pin\source\tools\whatlicense-main\wl-lic\obj\mp_signed_rsh.obj
c:\pin\source\tools\whatlicense-main\wl-lic\obj\mp_shrink.obj
c:\pin\source\tools\whatlicense-main\wl-lic\obj\mp_set_ul.obj
c:\pin\source\tools\whatlicense-main\wl-lic\obj\mp_set_u64.obj
c:\pin\source\tools\whatlicense-main\wl-lic\obj\mp_set_u32.obj
c:\pin\source\tools\whatlicense-main\wl-lic\obj\mp_set_l.obj
c:\pin\source\tools\whatlicense-main\wl-lic\obj\mp_set_i64.obj
c:\pin\source\tools\whatlicense-main\wl-lic\obj\mp_set_i32.obj
c:\pin\source\tools\whatlicense-main\wl-lic\obj\s_mp_mul_high.obj
c:\pin\source\tools\whatlicense-main\wl-lic\obj\s_mp_mul_comba.obj
c:\pin\source\tools\whatlicense-main\wl-lic\obj\s_mp_mul_balance.obj
c:\pin\source\tools\whatlicense-main\wl-lic\obj\s_mp_mul.obj
c:\pin\source\tools\whatlicense-main\wl-lic\obj\s_mp_montgomery_reduce_comba.obj
c:\pin\source\tools\whatlicense-main\wl-lic\obj\s_mp_log_d.obj
c:\pin\source\tools\whatlicense-main\wl-lic\obj\s_mp_log_2expt.obj
c:\pin\source\tools\whatlicense-main\wl-lic\obj\s_mp_log.obj
c:\pin\source\tools\whatlicense-main\wl-lic\obj\s_mp_invmod_odd.obj
c:\pin\source\tools\whatlicense-main\wl-lic\obj\s_mp_invmod.obj
c:\pin\source\tools\whatlicense-main\wl-lic\obj\s_mp_get_bit.obj
c:\pin\source\tools\whatlicense-main\wl-lic\obj\s_mp_exptmod_fast.obj
c:\pin\source\tools\whatlicense-main\wl-lic\obj\s_mp_exptmod.obj
c:\pin\source\tools\whatlicense-main\wl-lic\obj\s_mp_div_small.obj
c:\pin\source\tools\whatlicense-main\wl-lic\obj\s_mp_div_school.obj
c:\pin\source\tools\whatlicense-main\wl-lic\obj\s_mp_div_recursive.obj
c:\pin\source\tools\whatlicense-main\wl-lic\obj\s_mp_div_3.obj
c:\pin\source\tools\whatlicense-main\wl-lic\obj\s_mp_copy_digs.obj
c:\pin\source\tools\whatlicense-main\wl-lic\obj\s_mp_add.obj
c:\pin\source\tools\whatlicense-main\wl-lic\obj\mp_zero.obj
c:\pin\source\tools\whatlicense-main\wl-lic\obj\sha1.obj
c:\pin\source\tools\whatlicense-main\wl-lic\obj\s_mp_zero_digs.obj
c:\pin\source\tools\whatlicense-main\wl-lic\obj\s_mp_zero_buf.obj
c:\pin\source\tools\whatlicense-main\wl-lic\obj\s_mp_sub.obj
c:\pin\source\tools\whatlicense-main\wl-lic\obj\s_mp_sqr_toom.obj
c:\pin\source\tools\whatlicense-main\wl-lic\obj\s_mp_sqr_karatsuba.obj
c:\pin\source\tools\whatlicense-main\wl-lic\obj\s_mp_sqr_comba.obj
c:\pin\source\tools\whatlicense-main\wl-lic\obj\s_mp_sqr.obj
c:\pin\source\tools\whatlicense-main\wl-lic\obj\s_mp_rand_platform.obj
c:\pin\source\tools\whatlicense-main\wl-lic\obj\s_mp_radix_size_overestimate.obj
c:\pin\source\tools\whatlicense-main\wl-lic\obj\s_mp_radix_map.obj
c:\pin\source\tools\whatlicense-main\wl-lic\obj\s_mp_prime_tab.obj
c:\pin\source\tools\whatlicense-main\wl-lic\obj\s_mp_prime_is_divisible.obj
c:\pin\source\tools\whatlicense-main\wl-lic\obj\s_mp_mul_toom.obj
c:\pin\source\tools\whatlicense-main\wl-lic\obj\s_mp_mul_karatsuba.obj
c:\pin\source\tools\whatlicense-main\wl-lic\obj\s_mp_mul_high_comba.obj
c:\pin\source\tools\whatlicense-main\bin\wl-lic.exe
c:\pin\source\tools\whatlicense-main\wl-lic\obj\wl-lic.ipdb
c:\pin\source\tools\whatlicense-main\wl-lic\obj\wl-lic.iobj
c:\pin\source\tools\whatlicense-main\bin\wl-lic.pdb
c:\pin\source\tools\whatlicense-main\\bin\wl-lic.pdb
c:\pin\source\tools\whatlicense-main\wl-lic\obj\wl-lic.tlog\cl.command.1.tlog
c:\pin\source\tools\whatlicense-main\wl-lic\obj\wl-lic.tlog\cl.read.1.tlog
c:\pin\source\tools\whatlicense-main\wl-lic\obj\wl-lic.tlog\cl.write.1.tlog
c:\pin\source\tools\whatlicense-main\wl-lic\obj\wl-lic.tlog\link.command.1.tlog
c:\pin\source\tools\whatlicense-main\wl-lic\obj\wl-lic.tlog\link.read.1.tlog
c:\pin\source\tools\whatlicense-main\wl-lic\obj\wl-lic.tlog\link.write.1.tlog
